INFO     root:conftest.py:28 

=====starting test(test_sauce_demo_valid_login[chrome-standard_user-secret_sauce])================
INFO     WDM:logger.py:11 xdist worker is: gw0
INFO     WDM:logger.py:11 ====== WebDriver manager ======
INFO     WDM:logger.py:11 Get LATEST chromedriver version for google-chrome
INFO     WDM:logger.py:11 Get LATEST chromedriver version for google-chrome
INFO     WDM:logger.py:11 There is no [win64] chromedriver "118.0.5993.89" for browser google-chrome "118.0.5993.89" in cache
INFO     WDM:logger.py:11 Get LATEST chromedriver version for google-chrome
INFO     WDM:logger.py:11 WebDriver version 118.0.5993.70 selected
INFO     WDM:logger.py:11 Modern chrome version https://edgedl.me.gvt1.com/edgedl/chrome/chrome-for-testing/118.0.5993.70/win32/chromedriver-win32.zip
INFO     WDM:logger.py:11 About to download new driver from https://edgedl.me.gvt1.com/edgedl/chrome/chrome-for-testing/118.0.5993.70/win32/chromedriver-win32.zip
INFO     WDM:logger.py:11 Driver downloading response is 200
INFO     WDM:logger.py:11 Get LATEST chromedriver version for google-chrome
INFO     WDM:logger.py:11 Driver has been saved in cache [C:\Users\HARSHIT\.wdm\gw0\drivers\chromedriver\win64\118.0.5993.89]
INFO     root:keyword.py:49 --------Navigated to : https://www.saucedemo.com/
ERROR    root:keyword.py:62 ---------Element is not present: xpath//+[text()='Accept all']
INFO     root:SauceDemoHome_Page.py:38 Navigated successfully to : https://www.saucedemo.com/
INFO     root:keyword.py:69 Screenshot taken and attached to Allure report.
INFO     root:SauceDemoHome_Page.py:47 Logged in successfully
INFO     root:keyword.py:69 Screenshot taken and attached to Allure report.
INFO     root:conftest.py:28 

=====starting test(test_sauce_demo_invalid_username[chrome-harshit-secret_sauce])================
INFO     WDM:logger.py:11 xdist worker is: gw0
INFO     WDM:logger.py:11 ====== WebDriver manager ======
INFO     WDM:logger.py:11 Get LATEST chromedriver version for google-chrome
INFO     WDM:logger.py:11 Get LATEST chromedriver version for google-chrome
INFO     WDM:logger.py:11 There is no [win64] chromedriver "118.0.5993.89" for browser google-chrome "118.0.5993.89" in cache
INFO     WDM:logger.py:11 Get LATEST chromedriver version for google-chrome
INFO     WDM:logger.py:11 WebDriver version 118.0.5993.70 selected
INFO     WDM:logger.py:11 Modern chrome version https://edgedl.me.gvt1.com/edgedl/chrome/chrome-for-testing/118.0.5993.70/win32/chromedriver-win32.zip
INFO     WDM:logger.py:11 About to download new driver from https://edgedl.me.gvt1.com/edgedl/chrome/chrome-for-testing/118.0.5993.70/win32/chromedriver-win32.zip
INFO     WDM:logger.py:11 Driver downloading response is 200
INFO     WDM:logger.py:11 Get LATEST chromedriver version for google-chrome
INFO     WDM:logger.py:11 Driver has been saved in cache [C:\Users\HARSHIT\.wdm\gw0\drivers\chromedriver\win64\118.0.5993.89]
INFO     root:keyword.py:49 --------Navigated to : https://www.saucedemo.com/
ERROR    root:keyword.py:62 ---------Element is not present: xpath//+[text()='Accept all']
INFO     root:SauceDemoHome_Page.py:38 Navigated successfully to : https://www.saucedemo.com/
INFO     root:keyword.py:69 Screenshot taken and attached to Allure report.
INFO     root:SauceDemoHome_Page.py:64 Unable to login because of Invalid username or Invalid password
INFO     root:keyword.py:69 Screenshot taken and attached to Allure report.
INFO     root:conftest.py:28 

=====starting test(test_sauce_demo_invalid_password[chrome-standard_user-harshit])================
INFO     WDM:logger.py:11 xdist worker is: gw0
INFO     WDM:logger.py:11 ====== WebDriver manager ======
INFO     WDM:logger.py:11 Get LATEST chromedriver version for google-chrome
INFO     WDM:logger.py:11 Get LATEST chromedriver version for google-chrome
INFO     WDM:logger.py:11 There is no [win64] chromedriver "118.0.5993.89" for browser google-chrome "118.0.5993.89" in cache
INFO     WDM:logger.py:11 Get LATEST chromedriver version for google-chrome
INFO     WDM:logger.py:11 WebDriver version 118.0.5993.70 selected
INFO     WDM:logger.py:11 Modern chrome version https://edgedl.me.gvt1.com/edgedl/chrome/chrome-for-testing/118.0.5993.70/win32/chromedriver-win32.zip
INFO     WDM:logger.py:11 About to download new driver from https://edgedl.me.gvt1.com/edgedl/chrome/chrome-for-testing/118.0.5993.70/win32/chromedriver-win32.zip
INFO     WDM:logger.py:11 Driver downloading response is 200
INFO     WDM:logger.py:11 Get LATEST chromedriver version for google-chrome
INFO     WDM:logger.py:11 Driver has been saved in cache [C:\Users\HARSHIT\.wdm\gw0\drivers\chromedriver\win64\118.0.5993.89]
INFO     root:keyword.py:49 --------Navigated to : https://www.saucedemo.com/
ERROR    root:keyword.py:62 ---------Element is not present: xpath//+[text()='Accept all']
INFO     root:SauceDemoHome_Page.py:38 Navigated successfully to : https://www.saucedemo.com/
INFO     root:keyword.py:69 Screenshot taken and attached to Allure report.
INFO     root:SauceDemoHome_Page.py:64 Unable to login because of Invalid username or Invalid password
INFO     root:keyword.py:69 Screenshot taken and attached to Allure report.
INFO     root:conftest.py:28 

=====starting test(test_sauce_demo_invalid_username_password[chrome-harshit-harshit])================
INFO     WDM:logger.py:11 xdist worker is: gw0
INFO     WDM:logger.py:11 ====== WebDriver manager ======
INFO     WDM:logger.py:11 Get LATEST chromedriver version for google-chrome
INFO     WDM:logger.py:11 Get LATEST chromedriver version for google-chrome
INFO     WDM:logger.py:11 There is no [win64] chromedriver "118.0.5993.89" for browser google-chrome "118.0.5993.89" in cache
INFO     WDM:logger.py:11 Get LATEST chromedriver version for google-chrome
INFO     WDM:logger.py:11 WebDriver version 118.0.5993.70 selected
INFO     WDM:logger.py:11 Modern chrome version https://edgedl.me.gvt1.com/edgedl/chrome/chrome-for-testing/118.0.5993.70/win32/chromedriver-win32.zip
INFO     WDM:logger.py:11 About to download new driver from https://edgedl.me.gvt1.com/edgedl/chrome/chrome-for-testing/118.0.5993.70/win32/chromedriver-win32.zip
INFO     WDM:logger.py:11 Driver downloading response is 200
INFO     WDM:logger.py:11 Get LATEST chromedriver version for google-chrome
INFO     WDM:logger.py:11 Driver has been saved in cache [C:\Users\HARSHIT\.wdm\gw0\drivers\chromedriver\win64\118.0.5993.89]
INFO     root:keyword.py:49 --------Navigated to : https://www.saucedemo.com/
ERROR    root:keyword.py:62 ---------Element is not present: xpath//+[text()='Accept all']
INFO     root:SauceDemoHome_Page.py:38 Navigated successfully to : https://www.saucedemo.com/
INFO     root:keyword.py:69 Screenshot taken and attached to Allure report.
INFO     root:SauceDemoHome_Page.py:64 Unable to login because of Invalid username or Invalid password
INFO     root:keyword.py:69 Screenshot taken and attached to Allure report.
INFO     root:conftest.py:28 

=====starting test(test_sauce_demo_login_and_logout[chrome-standard_user-secret_sauce])================
INFO     WDM:logger.py:11 xdist worker is: gw0
INFO     WDM:logger.py:11 ====== WebDriver manager ======
INFO     WDM:logger.py:11 Get LATEST chromedriver version for google-chrome
INFO     WDM:logger.py:11 Get LATEST chromedriver version for google-chrome
INFO     WDM:logger.py:11 There is no [win64] chromedriver "118.0.5993.89" for browser google-chrome "118.0.5993.89" in cache
INFO     WDM:logger.py:11 Get LATEST chromedriver version for google-chrome
INFO     WDM:logger.py:11 WebDriver version 118.0.5993.70 selected
INFO     WDM:logger.py:11 Modern chrome version https://edgedl.me.gvt1.com/edgedl/chrome/chrome-for-testing/118.0.5993.70/win32/chromedriver-win32.zip
INFO     WDM:logger.py:11 About to download new driver from https://edgedl.me.gvt1.com/edgedl/chrome/chrome-for-testing/118.0.5993.70/win32/chromedriver-win32.zip
INFO     WDM:logger.py:11 Driver downloading response is 200
INFO     WDM:logger.py:11 Get LATEST chromedriver version for google-chrome
INFO     WDM:logger.py:11 Driver has been saved in cache [C:\Users\HARSHIT\.wdm\gw0\drivers\chromedriver\win64\118.0.5993.89]
INFO     root:keyword.py:49 --------Navigated to : https://www.saucedemo.com/
ERROR    root:keyword.py:62 ---------Element is not present: xpath//+[text()='Accept all']
INFO     root:SauceDemoHome_Page.py:38 Navigated successfully to : https://www.saucedemo.com/
INFO     root:keyword.py:69 Screenshot taken and attached to Allure report.
INFO     root:SauceDemoHome_Page.py:47 Logged in successfully
INFO     root:keyword.py:69 Screenshot taken and attached to Allure report.
INFO     root:keyword.py:59 ---------Element is present: iduser-name
INFO     root:SauceDemoHome_Page.py:55 Logged out successfully
INFO     root:keyword.py:69 Screenshot taken and attached to Allure report.
INFO     root:conftest.py:28 

=====starting test(test_add_item_to_the_cart_from_product[chrome-standard_user-secret_sauce-Sauce Labs Backpack])================
INFO     WDM:logger.py:11 xdist worker is: gw0
INFO     WDM:logger.py:11 ====== WebDriver manager ======
INFO     WDM:logger.py:11 Get LATEST chromedriver version for google-chrome
INFO     WDM:logger.py:11 Get LATEST chromedriver version for google-chrome
INFO     WDM:logger.py:11 There is no [win64] chromedriver "118.0.5993.89" for browser google-chrome "118.0.5993.89" in cache
INFO     WDM:logger.py:11 Get LATEST chromedriver version for google-chrome
INFO     WDM:logger.py:11 WebDriver version 118.0.5993.70 selected
INFO     WDM:logger.py:11 Modern chrome version https://edgedl.me.gvt1.com/edgedl/chrome/chrome-for-testing/118.0.5993.70/win32/chromedriver-win32.zip
INFO     WDM:logger.py:11 About to download new driver from https://edgedl.me.gvt1.com/edgedl/chrome/chrome-for-testing/118.0.5993.70/win32/chromedriver-win32.zip
INFO     WDM:logger.py:11 Driver downloading response is 200
INFO     WDM:logger.py:11 Get LATEST chromedriver version for google-chrome
INFO     WDM:logger.py:11 Driver has been saved in cache [C:\Users\HARSHIT\.wdm\gw0\drivers\chromedriver\win64\118.0.5993.89]
INFO     root:keyword.py:49 --------Navigated to : https://www.saucedemo.com/
ERROR    root:keyword.py:62 ---------Element is not present: xpath//+[text()='Accept all']
INFO     root:SauceDemoHome_Page.py:38 Navigated successfully to : https://www.saucedemo.com/
INFO     root:keyword.py:69 Screenshot taken and attached to Allure report.
INFO     root:SauceDemoHome_Page.py:47 Logged in successfully
INFO     root:keyword.py:69 Screenshot taken and attached to Allure report.
ERROR    root:keyword.py:81 Element not found: ('xpath', "//*[@id='shopping_cart_container']/a/span")
INFO     root:keyword.py:252 Element ('xpath', "//*[@id='shopping_cart_container']/a/span") is hidden.
INFO     root:SauceDemoProduct_Page.py:36 Cart is empty
INFO     root:keyword.py:69 Screenshot taken and attached to Allure report.
INFO     root:keyword.py:69 Screenshot taken and attached to Allure report.
INFO     root:keyword.py:69 Screenshot taken and attached to Allure report.
INFO     root:conftest.py:28 

=====starting test(test_add_item_to_the_cart[chrome-standard_user-secret_sauce])================
INFO     WDM:logger.py:11 xdist worker is: gw0
INFO     WDM:logger.py:11 ====== WebDriver manager ======
INFO     WDM:logger.py:11 Get LATEST chromedriver version for google-chrome
INFO     WDM:logger.py:11 Get LATEST chromedriver version for google-chrome
INFO     WDM:logger.py:11 There is no [win64] chromedriver "118.0.5993.89" for browser google-chrome "118.0.5993.89" in cache
INFO     WDM:logger.py:11 Get LATEST chromedriver version for google-chrome
INFO     WDM:logger.py:11 WebDriver version 118.0.5993.70 selected
INFO     WDM:logger.py:11 Modern chrome version https://edgedl.me.gvt1.com/edgedl/chrome/chrome-for-testing/118.0.5993.70/win32/chromedriver-win32.zip
INFO     WDM:logger.py:11 About to download new driver from https://edgedl.me.gvt1.com/edgedl/chrome/chrome-for-testing/118.0.5993.70/win32/chromedriver-win32.zip
INFO     WDM:logger.py:11 Driver downloading response is 200
INFO     WDM:logger.py:11 Get LATEST chromedriver version for google-chrome
INFO     WDM:logger.py:11 Driver has been saved in cache [C:\Users\HARSHIT\.wdm\gw0\drivers\chromedriver\win64\118.0.5993.89]
INFO     root:keyword.py:49 --------Navigated to : https://www.saucedemo.com/
ERROR    root:keyword.py:62 ---------Element is not present: xpath//+[text()='Accept all']
INFO     root:SauceDemoHome_Page.py:38 Navigated successfully to : https://www.saucedemo.com/
INFO     root:keyword.py:69 Screenshot taken and attached to Allure report.
INFO     root:SauceDemoHome_Page.py:47 Logged in successfully
INFO     root:keyword.py:69 Screenshot taken and attached to Allure report.
ERROR    root:keyword.py:81 Element not found: ('xpath', "//*[@id='shopping_cart_container']/a/span")
INFO     root:keyword.py:252 Element ('xpath', "//*[@id='shopping_cart_container']/a/span") is hidden.
INFO     root:SauceDemoProduct_Page.py:36 Cart is empty
INFO     root:keyword.py:69 Screenshot taken and attached to Allure report.
INFO     root:keyword.py:69 Screenshot taken and attached to Allure report.
INFO     root:keyword.py:69 Screenshot taken and attached to Allure report.
INFO     root:conftest.py:28 

=====starting test(test_add_multiple_item_to_the_cart_from_product_page[chrome-standard_user-secret_sauce])================
INFO     WDM:logger.py:11 xdist worker is: gw0
INFO     WDM:logger.py:11 ====== WebDriver manager ======
INFO     WDM:logger.py:11 Get LATEST chromedriver version for google-chrome
INFO     WDM:logger.py:11 Get LATEST chromedriver version for google-chrome
INFO     WDM:logger.py:11 There is no [win64] chromedriver "118.0.5993.89" for browser google-chrome "118.0.5993.89" in cache
INFO     WDM:logger.py:11 Get LATEST chromedriver version for google-chrome
INFO     WDM:logger.py:11 WebDriver version 118.0.5993.70 selected
INFO     WDM:logger.py:11 Modern chrome version https://edgedl.me.gvt1.com/edgedl/chrome/chrome-for-testing/118.0.5993.70/win32/chromedriver-win32.zip
INFO     WDM:logger.py:11 About to download new driver from https://edgedl.me.gvt1.com/edgedl/chrome/chrome-for-testing/118.0.5993.70/win32/chromedriver-win32.zip
INFO     WDM:logger.py:11 Driver downloading response is 200
INFO     WDM:logger.py:11 Get LATEST chromedriver version for google-chrome
INFO     WDM:logger.py:11 Driver has been saved in cache [C:\Users\HARSHIT\.wdm\gw0\drivers\chromedriver\win64\118.0.5993.89]
INFO     root:keyword.py:49 --------Navigated to : https://www.saucedemo.com/
ERROR    root:keyword.py:62 ---------Element is not present: xpath//+[text()='Accept all']
INFO     root:SauceDemoHome_Page.py:38 Navigated successfully to : https://www.saucedemo.com/
INFO     root:keyword.py:69 Screenshot taken and attached to Allure report.
INFO     root:SauceDemoHome_Page.py:47 Logged in successfully
INFO     root:keyword.py:69 Screenshot taken and attached to Allure report.
ERROR    root:keyword.py:81 Element not found: ('xpath', "//*[@id='shopping_cart_container']/a/span")
INFO     root:keyword.py:252 Element ('xpath', "//*[@id='shopping_cart_container']/a/span") is hidden.
INFO     root:SauceDemoProduct_Page.py:36 Cart is empty
INFO     root:keyword.py:69 Screenshot taken and attached to Allure report.
INFO     root:SauceDemoProduct_Page.py:71 Both Backpack and Bike light has been added to the cart
INFO     root:keyword.py:69 Screenshot taken and attached to Allure report.
INFO     root:SauceDemoProduct_Page.py:77 Navigated to cart
INFO     root:keyword.py:69 Screenshot taken and attached to Allure report.
INFO     root:SauceDemoProduct_Page.py:85 Both the product is present in the cart
INFO     root:conftest.py:28 

=====starting test(test_product_check_after_logout[chrome-standard_user-secret_sauce])================
INFO     WDM:logger.py:11 xdist worker is: gw0
INFO     WDM:logger.py:11 ====== WebDriver manager ======
INFO     WDM:logger.py:11 Get LATEST chromedriver version for google-chrome
INFO     WDM:logger.py:11 Get LATEST chromedriver version for google-chrome
INFO     WDM:logger.py:11 There is no [win64] chromedriver "118.0.5993.89" for browser google-chrome "118.0.5993.89" in cache
INFO     WDM:logger.py:11 Get LATEST chromedriver version for google-chrome
INFO     WDM:logger.py:11 WebDriver version 118.0.5993.70 selected
INFO     WDM:logger.py:11 Modern chrome version https://edgedl.me.gvt1.com/edgedl/chrome/chrome-for-testing/118.0.5993.70/win32/chromedriver-win32.zip
INFO     WDM:logger.py:11 About to download new driver from https://edgedl.me.gvt1.com/edgedl/chrome/chrome-for-testing/118.0.5993.70/win32/chromedriver-win32.zip
INFO     WDM:logger.py:11 Driver downloading response is 200
INFO     WDM:logger.py:11 Get LATEST chromedriver version for google-chrome
INFO     WDM:logger.py:11 Driver has been saved in cache [C:\Users\HARSHIT\.wdm\gw0\drivers\chromedriver\win64\118.0.5993.89]
INFO     root:keyword.py:49 --------Navigated to : https://www.saucedemo.com/
ERROR    root:keyword.py:62 ---------Element is not present: xpath//+[text()='Accept all']
INFO     root:SauceDemoHome_Page.py:38 Navigated successfully to : https://www.saucedemo.com/
INFO     root:keyword.py:69 Screenshot taken and attached to Allure report.
INFO     root:SauceDemoHome_Page.py:47 Logged in successfully
INFO     root:keyword.py:69 Screenshot taken and attached to Allure report.
ERROR    root:keyword.py:81 Element not found: ('xpath', "//*[@id='shopping_cart_container']/a/span")
INFO     root:keyword.py:252 Element ('xpath', "//*[@id='shopping_cart_container']/a/span") is hidden.
INFO     root:SauceDemoProduct_Page.py:36 Cart is empty
INFO     root:keyword.py:69 Screenshot taken and attached to Allure report.
INFO     root:SauceDemoProduct_Page.py:71 Both Backpack and Bike light has been added to the cart
INFO     root:keyword.py:69 Screenshot taken and attached to Allure report.
INFO     root:SauceDemoProduct_Page.py:77 Navigated to cart
INFO     root:keyword.py:69 Screenshot taken and attached to Allure report.
INFO     root:SauceDemoProduct_Page.py:85 Both the product is present in the cart
INFO     root:keyword.py:59 ---------Element is present: iduser-name
INFO     root:SauceDemoHome_Page.py:55 Logged out successfully
INFO     root:keyword.py:69 Screenshot taken and attached to Allure report.
INFO     root:SauceDemoHome_Page.py:47 Logged in successfully
INFO     root:keyword.py:69 Screenshot taken and attached to Allure report.
INFO     root:SauceDemoProduct_Page.py:77 Navigated to cart
INFO     root:keyword.py:69 Screenshot taken and attached to Allure report.
INFO     root:SauceDemoProduct_Page.py:85 Both the product is present in the cart
INFO     root:conftest.py:28 

=====starting test(test_remove_item_from_product_page[chrome-standard_user-secret_sauce])================
INFO     WDM:logger.py:11 xdist worker is: gw0
INFO     WDM:logger.py:11 ====== WebDriver manager ======
INFO     WDM:logger.py:11 Get LATEST chromedriver version for google-chrome
INFO     WDM:logger.py:11 Get LATEST chromedriver version for google-chrome
INFO     WDM:logger.py:11 There is no [win64] chromedriver "118.0.5993.89" for browser google-chrome "118.0.5993.89" in cache
INFO     WDM:logger.py:11 Get LATEST chromedriver version for google-chrome
INFO     WDM:logger.py:11 WebDriver version 118.0.5993.70 selected
INFO     WDM:logger.py:11 Modern chrome version https://edgedl.me.gvt1.com/edgedl/chrome/chrome-for-testing/118.0.5993.70/win32/chromedriver-win32.zip
INFO     WDM:logger.py:11 About to download new driver from https://edgedl.me.gvt1.com/edgedl/chrome/chrome-for-testing/118.0.5993.70/win32/chromedriver-win32.zip
INFO     WDM:logger.py:11 Driver downloading response is 200
INFO     WDM:logger.py:11 Get LATEST chromedriver version for google-chrome
INFO     WDM:logger.py:11 Driver has been saved in cache [C:\Users\HARSHIT\.wdm\gw0\drivers\chromedriver\win64\118.0.5993.89]
INFO     root:keyword.py:49 --------Navigated to : https://www.saucedemo.com/
ERROR    root:keyword.py:62 ---------Element is not present: xpath//+[text()='Accept all']
INFO     root:SauceDemoHome_Page.py:38 Navigated successfully to : https://www.saucedemo.com/
INFO     root:keyword.py:69 Screenshot taken and attached to Allure report.
INFO     root:SauceDemoHome_Page.py:47 Logged in successfully
INFO     root:keyword.py:69 Screenshot taken and attached to Allure report.
ERROR    root:keyword.py:81 Element not found: ('xpath', "//*[@id='shopping_cart_container']/a/span")
INFO     root:keyword.py:252 Element ('xpath', "//*[@id='shopping_cart_container']/a/span") is hidden.
INFO     root:SauceDemoProduct_Page.py:36 Cart is empty
INFO     root:keyword.py:69 Screenshot taken and attached to Allure report.
INFO     root:SauceDemoProduct_Page.py:71 Both Backpack and Bike light has been added to the cart
INFO     root:keyword.py:69 Screenshot taken and attached to Allure report.
INFO     root:SauceDemoProduct_Page.py:77 Navigated to cart
INFO     root:keyword.py:69 Screenshot taken and attached to Allure report.
INFO     root:SauceDemoProduct_Page.py:85 Both the product is present in the cart
INFO     root:SauceDemoProduct_Page.py:90 Navigated back to product page after clicking on continue shopping
INFO     root:keyword.py:69 Screenshot taken and attached to Allure report.
INFO     root:SauceDemoProduct_Page.py:97 Both Backpack and Bike light has been removed from the cart
INFO     root:keyword.py:69 Screenshot taken and attached to Allure report.
ERROR    root:keyword.py:81 Element not found: ('xpath', "//*[@id='shopping_cart_container']/a/span")
INFO     root:keyword.py:252 Element ('xpath', "//*[@id='shopping_cart_container']/a/span") is hidden.
INFO     root:SauceDemoProduct_Page.py:61 Cart is empty on homepage
ERROR    root:keyword.py:81 Element not found: ('xpath', "//div[@class='cart_item']")
INFO     root:keyword.py:252 Element ('xpath', "//div[@class='cart_item']") is hidden.
INFO     root:SauceDemoProduct_Page.py:64 Cart is empty
INFO     root:keyword.py:69 Screenshot taken and attached to Allure report.
INFO     root:conftest.py:28 

=====starting test(test_remove_item_from_cart[chrome-standard_user-secret_sauce])================
INFO     WDM:logger.py:11 xdist worker is: gw0
INFO     WDM:logger.py:11 ====== WebDriver manager ======
INFO     WDM:logger.py:11 Get LATEST chromedriver version for google-chrome
INFO     WDM:logger.py:11 Get LATEST chromedriver version for google-chrome
INFO     WDM:logger.py:11 There is no [win64] chromedriver "118.0.5993.89" for browser google-chrome "118.0.5993.89" in cache
INFO     WDM:logger.py:11 Get LATEST chromedriver version for google-chrome
INFO     WDM:logger.py:11 WebDriver version 118.0.5993.70 selected
INFO     WDM:logger.py:11 Modern chrome version https://edgedl.me.gvt1.com/edgedl/chrome/chrome-for-testing/118.0.5993.70/win32/chromedriver-win32.zip
INFO     WDM:logger.py:11 About to download new driver from https://edgedl.me.gvt1.com/edgedl/chrome/chrome-for-testing/118.0.5993.70/win32/chromedriver-win32.zip
INFO     WDM:logger.py:11 Driver downloading response is 200
INFO     WDM:logger.py:11 Get LATEST chromedriver version for google-chrome
INFO     WDM:logger.py:11 Driver has been saved in cache [C:\Users\HARSHIT\.wdm\gw0\drivers\chromedriver\win64\118.0.5993.89]
INFO     root:keyword.py:49 --------Navigated to : https://www.saucedemo.com/
ERROR    root:keyword.py:62 ---------Element is not present: xpath//+[text()='Accept all']
INFO     root:SauceDemoHome_Page.py:38 Navigated successfully to : https://www.saucedemo.com/
INFO     root:keyword.py:69 Screenshot taken and attached to Allure report.
INFO     root:SauceDemoHome_Page.py:47 Logged in successfully
INFO     root:keyword.py:69 Screenshot taken and attached to Allure report.
ERROR    root:keyword.py:81 Element not found: ('xpath', "//*[@id='shopping_cart_container']/a/span")
INFO     root:keyword.py:252 Element ('xpath', "//*[@id='shopping_cart_container']/a/span") is hidden.
INFO     root:SauceDemoProduct_Page.py:36 Cart is empty
INFO     root:keyword.py:69 Screenshot taken and attached to Allure report.
INFO     root:SauceDemoProduct_Page.py:71 Both Backpack and Bike light has been added to the cart
INFO     root:keyword.py:69 Screenshot taken and attached to Allure report.
INFO     root:SauceDemoProduct_Page.py:77 Navigated to cart
INFO     root:keyword.py:69 Screenshot taken and attached to Allure report.
INFO     root:SauceDemoProduct_Page.py:85 Both the product is present in the cart
INFO     root:SauceDemoProduct_Page.py:97 Both Backpack and Bike light has been removed from the cart
INFO     root:keyword.py:69 Screenshot taken and attached to Allure report.
INFO     root:conftest.py:28 

=====starting test(test_check_cart_is_empty_after_removing_all[chrome-standard_user-secret_sauce])================
INFO     WDM:logger.py:11 xdist worker is: gw0
INFO     WDM:logger.py:11 ====== WebDriver manager ======
INFO     WDM:logger.py:11 Get LATEST chromedriver version for google-chrome
INFO     WDM:logger.py:11 Get LATEST chromedriver version for google-chrome
INFO     WDM:logger.py:11 There is no [win64] chromedriver "118.0.5993.89" for browser google-chrome "118.0.5993.89" in cache
INFO     WDM:logger.py:11 Get LATEST chromedriver version for google-chrome
INFO     WDM:logger.py:11 WebDriver version 118.0.5993.70 selected
INFO     WDM:logger.py:11 Modern chrome version https://edgedl.me.gvt1.com/edgedl/chrome/chrome-for-testing/118.0.5993.70/win32/chromedriver-win32.zip
INFO     WDM:logger.py:11 About to download new driver from https://edgedl.me.gvt1.com/edgedl/chrome/chrome-for-testing/118.0.5993.70/win32/chromedriver-win32.zip
INFO     WDM:logger.py:11 Driver downloading response is 200
INFO     WDM:logger.py:11 Get LATEST chromedriver version for google-chrome
INFO     WDM:logger.py:11 Driver has been saved in cache [C:\Users\HARSHIT\.wdm\gw0\drivers\chromedriver\win64\118.0.5993.89]
INFO     root:keyword.py:49 --------Navigated to : https://www.saucedemo.com/
ERROR    root:keyword.py:62 ---------Element is not present: xpath//+[text()='Accept all']
INFO     root:SauceDemoHome_Page.py:38 Navigated successfully to : https://www.saucedemo.com/
INFO     root:keyword.py:69 Screenshot taken and attached to Allure report.
INFO     root:SauceDemoHome_Page.py:47 Logged in successfully
INFO     root:keyword.py:69 Screenshot taken and attached to Allure report.
ERROR    root:keyword.py:81 Element not found: ('xpath', "//*[@id='shopping_cart_container']/a/span")
INFO     root:keyword.py:252 Element ('xpath', "//*[@id='shopping_cart_container']/a/span") is hidden.
INFO     root:SauceDemoProduct_Page.py:36 Cart is empty
INFO     root:keyword.py:69 Screenshot taken and attached to Allure report.
INFO     root:SauceDemoProduct_Page.py:71 Both Backpack and Bike light has been added to the cart
INFO     root:keyword.py:69 Screenshot taken and attached to Allure report.
INFO     root:SauceDemoProduct_Page.py:77 Navigated to cart
INFO     root:keyword.py:69 Screenshot taken and attached to Allure report.
INFO     root:SauceDemoProduct_Page.py:85 Both the product is present in the cart
INFO     root:SauceDemoProduct_Page.py:97 Both Backpack and Bike light has been removed from the cart
INFO     root:keyword.py:69 Screenshot taken and attached to Allure report.
ERROR    root:keyword.py:81 Element not found: ('xpath', "//*[@id='shopping_cart_container']/a/span")
INFO     root:keyword.py:252 Element ('xpath', "//*[@id='shopping_cart_container']/a/span") is hidden.
INFO     root:SauceDemoProduct_Page.py:61 Cart is empty on homepage
ERROR    root:keyword.py:81 Element not found: ('xpath', "//div[@class='cart_item']")
INFO     root:keyword.py:252 Element ('xpath', "//div[@class='cart_item']") is hidden.
INFO     root:SauceDemoProduct_Page.py:64 Cart is empty
INFO     root:keyword.py:69 Screenshot taken and attached to Allure report.
INFO     root:conftest.py:28 

=====starting test(test_checkout_with_valid_details[chrome-standard_user-secret_sauce])================
INFO     WDM:logger.py:11 xdist worker is: gw0
INFO     WDM:logger.py:11 ====== WebDriver manager ======
INFO     WDM:logger.py:11 Get LATEST chromedriver version for google-chrome
INFO     WDM:logger.py:11 Get LATEST chromedriver version for google-chrome
INFO     WDM:logger.py:11 There is no [win64] chromedriver "118.0.5993.89" for browser google-chrome "118.0.5993.89" in cache
INFO     WDM:logger.py:11 Get LATEST chromedriver version for google-chrome
INFO     WDM:logger.py:11 WebDriver version 118.0.5993.70 selected
INFO     WDM:logger.py:11 Modern chrome version https://edgedl.me.gvt1.com/edgedl/chrome/chrome-for-testing/118.0.5993.70/win32/chromedriver-win32.zip
INFO     WDM:logger.py:11 About to download new driver from https://edgedl.me.gvt1.com/edgedl/chrome/chrome-for-testing/118.0.5993.70/win32/chromedriver-win32.zip
INFO     WDM:logger.py:11 Driver downloading response is 200
INFO     WDM:logger.py:11 Get LATEST chromedriver version for google-chrome
INFO     WDM:logger.py:11 Driver has been saved in cache [C:\Users\HARSHIT\.wdm\gw0\drivers\chromedriver\win64\118.0.5993.89]
INFO     root:keyword.py:49 --------Navigated to : https://www.saucedemo.com/
ERROR    root:keyword.py:62 ---------Element is not present: xpath//+[text()='Accept all']
INFO     root:SauceDemoHome_Page.py:38 Navigated successfully to : https://www.saucedemo.com/
INFO     root:keyword.py:69 Screenshot taken and attached to Allure report.
INFO     root:SauceDemoHome_Page.py:47 Logged in successfully
INFO     root:keyword.py:69 Screenshot taken and attached to Allure report.
ERROR    root:keyword.py:81 Element not found: ('xpath', "//*[@id='shopping_cart_container']/a/span")
INFO     root:keyword.py:252 Element ('xpath', "//*[@id='shopping_cart_container']/a/span") is hidden.
INFO     root:SauceDemoProduct_Page.py:36 Cart is empty
INFO     root:keyword.py:69 Screenshot taken and attached to Allure report.
INFO     root:SauceDemoProduct_Page.py:71 Both Backpack and Bike light has been added to the cart
INFO     root:keyword.py:69 Screenshot taken and attached to Allure report.
INFO     root:SauceDemoProduct_Page.py:77 Navigated to cart
INFO     root:keyword.py:69 Screenshot taken and attached to Allure report.
INFO     root:SauceDemoProduct_Page.py:85 Both the product is present in the cart
INFO     root:keyword.py:69 Screenshot taken and attached to Allure report.
INFO     root:SauceDemoCart_Page.py:37 Checkout button is clicked
INFO     root:keyword.py:69 Screenshot taken and attached to Allure report.
INFO     root:SauceDemoCart_Page.py:46 Details are filled and clicked on continue
INFO     root:keyword.py:69 Screenshot taken and attached to Allure report.
INFO     root:SauceDemoCart_Page.py:57 Both the product is present while checkout
INFO     root:SauceDemoCart_Page.py:66 Your order has been dispatched, and will arrive just as fast as the pony can get there!
INFO     root:SauceDemoCart_Page.py:68 Order placed successfully
INFO     root:keyword.py:69 Screenshot taken and attached to Allure report.
INFO     root:conftest.py:28 

=====starting test(test_checkout_with_invalid_details[chrome-standard_user-secret_sauce])================
INFO     WDM:logger.py:11 xdist worker is: gw0
INFO     WDM:logger.py:11 ====== WebDriver manager ======
INFO     WDM:logger.py:11 Get LATEST chromedriver version for google-chrome
INFO     WDM:logger.py:11 Get LATEST chromedriver version for google-chrome
INFO     WDM:logger.py:11 There is no [win64] chromedriver "118.0.5993.89" for browser google-chrome "118.0.5993.89" in cache
INFO     WDM:logger.py:11 Get LATEST chromedriver version for google-chrome
INFO     WDM:logger.py:11 WebDriver version 118.0.5993.70 selected
INFO     WDM:logger.py:11 Modern chrome version https://edgedl.me.gvt1.com/edgedl/chrome/chrome-for-testing/118.0.5993.70/win32/chromedriver-win32.zip
INFO     WDM:logger.py:11 About to download new driver from https://edgedl.me.gvt1.com/edgedl/chrome/chrome-for-testing/118.0.5993.70/win32/chromedriver-win32.zip
INFO     WDM:logger.py:11 Driver downloading response is 200
INFO     WDM:logger.py:11 Get LATEST chromedriver version for google-chrome
INFO     WDM:logger.py:11 Driver has been saved in cache [C:\Users\HARSHIT\.wdm\gw0\drivers\chromedriver\win64\118.0.5993.89]
INFO     root:keyword.py:49 --------Navigated to : https://www.saucedemo.com/
ERROR    root:keyword.py:62 ---------Element is not present: xpath//+[text()='Accept all']
INFO     root:SauceDemoHome_Page.py:38 Navigated successfully to : https://www.saucedemo.com/
INFO     root:keyword.py:69 Screenshot taken and attached to Allure report.
INFO     root:SauceDemoHome_Page.py:47 Logged in successfully
INFO     root:keyword.py:69 Screenshot taken and attached to Allure report.
ERROR    root:keyword.py:81 Element not found: ('xpath', "//*[@id='shopping_cart_container']/a/span")
INFO     root:keyword.py:252 Element ('xpath', "//*[@id='shopping_cart_container']/a/span") is hidden.
INFO     root:SauceDemoProduct_Page.py:36 Cart is empty
INFO     root:keyword.py:69 Screenshot taken and attached to Allure report.
INFO     root:SauceDemoProduct_Page.py:71 Both Backpack and Bike light has been added to the cart
INFO     root:keyword.py:69 Screenshot taken and attached to Allure report.
INFO     root:SauceDemoProduct_Page.py:77 Navigated to cart
INFO     root:keyword.py:69 Screenshot taken and attached to Allure report.
INFO     root:SauceDemoProduct_Page.py:85 Both the product is present in the cart
INFO     root:keyword.py:69 Screenshot taken and attached to Allure report.
INFO     root:SauceDemoCart_Page.py:37 Checkout button is clicked
INFO     root:SauceDemoCart_Page.py:75 Unable to proceed to final checkout page as shipment details are incorrect
INFO     root:keyword.py:69 Screenshot taken and attached to Allure report.
INFO     root:conftest.py:28 

=====starting test(test_checkout_with_empty_cart[chrome-standard_user-secret_sauce])================
INFO     WDM:logger.py:11 xdist worker is: gw0
INFO     WDM:logger.py:11 ====== WebDriver manager ======
INFO     WDM:logger.py:11 Get LATEST chromedriver version for google-chrome
INFO     WDM:logger.py:11 Get LATEST chromedriver version for google-chrome
INFO     WDM:logger.py:11 There is no [win64] chromedriver "118.0.5993.89" for browser google-chrome "118.0.5993.89" in cache
INFO     WDM:logger.py:11 Get LATEST chromedriver version for google-chrome
INFO     WDM:logger.py:11 WebDriver version 118.0.5993.70 selected
INFO     WDM:logger.py:11 Modern chrome version https://edgedl.me.gvt1.com/edgedl/chrome/chrome-for-testing/118.0.5993.70/win32/chromedriver-win32.zip
INFO     WDM:logger.py:11 About to download new driver from https://edgedl.me.gvt1.com/edgedl/chrome/chrome-for-testing/118.0.5993.70/win32/chromedriver-win32.zip
INFO     WDM:logger.py:11 Driver downloading response is 200
INFO     WDM:logger.py:11 Get LATEST chromedriver version for google-chrome
INFO     WDM:logger.py:11 Driver has been saved in cache [C:\Users\HARSHIT\.wdm\gw0\drivers\chromedriver\win64\118.0.5993.89]
INFO     root:keyword.py:49 --------Navigated to : https://www.saucedemo.com/
ERROR    root:keyword.py:62 ---------Element is not present: xpath//+[text()='Accept all']
INFO     root:SauceDemoHome_Page.py:38 Navigated successfully to : https://www.saucedemo.com/
INFO     root:keyword.py:69 Screenshot taken and attached to Allure report.
INFO     root:SauceDemoHome_Page.py:47 Logged in successfully
INFO     root:keyword.py:69 Screenshot taken and attached to Allure report.
ERROR    root:keyword.py:81 Element not found: ('xpath', "//*[@id='shopping_cart_container']/a/span")
INFO     root:keyword.py:252 Element ('xpath', "//*[@id='shopping_cart_container']/a/span") is hidden.
INFO     root:SauceDemoProduct_Page.py:36 Cart is empty
INFO     root:keyword.py:69 Screenshot taken and attached to Allure report.
ERROR    root:keyword.py:81 Element not found: ('xpath', "//*[@id='shopping_cart_container']/a/span")
INFO     root:keyword.py:252 Element ('xpath', "//*[@id='shopping_cart_container']/a/span") is hidden.
INFO     root:SauceDemoProduct_Page.py:61 Cart is empty on homepage
ERROR    root:keyword.py:81 Element not found: ('xpath', "//div[@class='cart_item']")
INFO     root:keyword.py:252 Element ('xpath', "//div[@class='cart_item']") is hidden.
INFO     root:SauceDemoProduct_Page.py:64 Cart is empty
INFO     root:keyword.py:69 Screenshot taken and attached to Allure report.
INFO     root:keyword.py:78 Found element: ('id', 'checkout')
INFO     root:keyword.py:249 Element ('id', 'checkout') is not hidden.
